<?xml version="1.0" encoding="UTF-8"?>
<Site BuildName="(empty)"
	BuildStamp="20240511-1756-Experimental"
	Name="(empty)"
	Generator="ctest-3.29.3"
	CompilerName=""
	CompilerVersion=""
	OSName="Linux"
	Hostname="zymatrix"
	OSRelease="5.15.146.1-microsoft-standard-WSL2"
	OSVersion="#1 SMP Thu Jan 11 04:09:03 UTC 2024"
	OSPlatform="x86_64"
	Is64Bits="1"
	VendorString="AuthenticAMD"
	VendorID="Advanced Micro Devices"
	FamilyID="25"
	ModelID="68"
	ProcessorCacheSize="512"
	NumberOfLogicalCPU="12"
	NumberOfPhysicalCPU="6"
	TotalVirtualMemory="2048"
	TotalPhysicalMemory="7537"
	LogicalProcessorsPerPhysical="2"
	ProcessorClockFrequency="3293.71"
	>
	<Testing>
		<StartDateTime>May 12 01:56 HKT</StartDateTime>
		<StartTestTime>1715450172</StartTestTime>
		<TestList/>
		<EndDateTime>May 12 01:56 HKT</EndDateTime>
		<EndTestTime>1715450172</EndTestTime>
		<ElapsedMinutes>0</ElapsedMinutes>
	</Testing>
</Site>
